{"/workspace/exercise-unit-test-with-jest/app.js": {"path":"/workspace/exercise-unit-test-with-jest/app.js","statementMap":{"0":{"start":{"line":1,"column":16},"end":{"line":5,"column":1}},"1":{"start":{"line":9,"column":26},"end":{"line":9,"column":45}},"2":{"start":{"line":10,"column":4},"end":{"line":10,"column":26}},"3":{"start":{"line":14,"column":24},"end":{"line":14,"column":45}},"4":{"start":{"line":15,"column":4},"end":{"line":15,"column":24}},"5":{"start":{"line":19,"column":20},"end":{"line":19,"column":59}},"6":{"start":{"line":20,"column":22},"end":{"line":20,"column":43}},"7":{"start":{"line":21,"column":4},"end":{"line":21,"column":22}},"8":{"start":{"line":25,"column":20},"end":{"line":25,"column":39}},"9":{"start":{"line":26,"column":4},"end":{"line":26,"column":19}},"10":{"start":{"line":32,"column":20},"end":{"line":32,"column":48}},"11":{"start":{"line":33,"column":4},"end":{"line":33,"column":20}},"12":{"start":{"line":36,"column":0},"end":{"line":36,"column":61}}},"fnMap":{"0":{"name":"eurostoDollars","decl":{"start":{"line":8,"column":9},"end":{"line":8,"column":23}},"loc":{"start":{"line":8,"column":40},"end":{"line":11,"column":1}},"line":8},"1":{"name":"dollarsToEuros","decl":{"start":{"line":13,"column":9},"end":{"line":13,"column":23}},"loc":{"start":{"line":13,"column":42},"end":{"line":16,"column":1}},"line":13},"2":{"name":"dollarsToYen","decl":{"start":{"line":18,"column":9},"end":{"line":18,"column":21}},"loc":{"start":{"line":18,"column":40},"end":{"line":22,"column":1}},"line":18},"3":{"name":"yenToEuro","decl":{"start":{"line":24,"column":9},"end":{"line":24,"column":18}},"loc":{"start":{"line":24,"column":33},"end":{"line":27,"column":1}},"line":24},"4":{"name":"yenToPound","decl":{"start":{"line":31,"column":9},"end":{"line":31,"column":19}},"loc":{"start":{"line":31,"column":34},"end":{"line":34,"column":1}},"line":31}},"branchMap":{},"s":{"0":1,"1":2,"2":2,"3":2,"4":2,"5":2,"6":2,"7":2,"8":2,"9":2,"10":2,"11":2,"12":1},"f":{"0":2,"1":2,"2":2,"3":2,"4":2},"b":{},"_coverageSchema":"1a1c01bbd47fc00a2c39e90264f33305004495a9","hash":"cf69bd9a76a802306fc0efa15cc1460f31f1044c"}
}
